0 info it worked if it ends with ok
1 verbose cli [ 'C:\\Program Files (x86)\\Nodist\\v-x64\\6.11.0\\node.exe',
1 verbose cli   'C:\\Program Files (x86)\\Nodist\\npmv\\4.0.5\\bin\\npm-cli.js',
1 verbose cli   'start' ]
2 info using npm@4.0.5
3 info using node@v6.11.0
4 verbose run-script [ 'prestart', 'start', 'poststart' ]
5 info lifecycle tempreactapp@0.1.0~prestart: tempreactapp@0.1.0
6 warn lifecycle The node binary used for scripts is C:\Program Files (x86)\Nodist\bin\node.exe but npm is using C:\Program Files (x86)\Nodist\v-x64\6.11.0\node.exe itself. Use the `--scripts-prepend-node-path` option to include the path for the node binary npm was executed with.
7 silly lifecycle tempreactapp@0.1.0~prestart: no script for prestart, continuing
8 info lifecycle tempreactapp@0.1.0~start: tempreactapp@0.1.0
9 verbose lifecycle tempreactapp@0.1.0~start: unsafe-perm in lifecycle true
10 verbose lifecycle tempreactapp@0.1.0~start: PATH: C:\Program Files (x86)\Nodist\npmv\4.0.5\bin\node-gyp-bin;C:\Users\dev52\Desktop\react_excel\node_modules\.bin;C:\ProgramData\Oracle\Java\javapath;C:\Windows\system32;C:\Windows;C:\Windows\System32\Wbem;C:\Windows\System32\WindowsPowerShell\v1.0\;C:\Program Files (x86)\ATI Technologies\ATI.ACE\Core-Static;C:\Program Files\Java\jdk1.8.0_121\bin;C:\Program Files\MariaDB 10.1\bin;C:\Program Files\TortoiseGit\bin;C:\Program Files\Git\cmd;C:\Program Files (x86)\Nodist\bin;C:\Users\dev52\AppData\Local\atom\bin
11 verbose lifecycle tempreactapp@0.1.0~start: CWD: C:\Users\dev52\Desktop\react_excel
12 silly lifecycle tempreactapp@0.1.0~start: Args: [ '/d /s /c', 'react-scripts start' ]
13 silly lifecycle tempreactapp@0.1.0~start: Returned: code: 3221225786  signal: null
14 info lifecycle tempreactapp@0.1.0~start: Failed to exec start script
15 verbose stack Error: tempreactapp@0.1.0 start: `react-scripts start`
15 verbose stack Exit status 3221225786
15 verbose stack     at EventEmitter.<anonymous> (C:\Program Files (x86)\Nodist\npmv\4.0.5\lib\utils\lifecycle.js:279:16)
15 verbose stack     at emitTwo (events.js:106:13)
15 verbose stack     at EventEmitter.emit (events.js:191:7)
15 verbose stack     at ChildProcess.<anonymous> (C:\Program Files (x86)\Nodist\npmv\4.0.5\lib\utils\spawn.js:40:14)
15 verbose stack     at emitTwo (events.js:106:13)
15 verbose stack     at ChildProcess.emit (events.js:191:7)
15 verbose stack     at maybeClose (internal/child_process.js:891:16)
15 verbose stack     at Process.ChildProcess._handle.onexit (internal/child_process.js:226:5)
16 verbose pkgid tempreactapp@0.1.0
17 verbose cwd C:\Users\dev52\Desktop\react_excel
18 error Windows_NT 6.3.9600
19 error argv "C:\\Program Files (x86)\\Nodist\\v-x64\\6.11.0\\node.exe" "C:\\Program Files (x86)\\Nodist\\npmv\\4.0.5\\bin\\npm-cli.js" "start"
20 error node v6.11.0
21 error npm  v4.0.5
22 error code ELIFECYCLE
23 error tempreactapp@0.1.0 start: `react-scripts start`
23 error Exit status 3221225786
24 error Failed at the tempreactapp@0.1.0 start script 'react-scripts start'.
24 error Make sure you have the latest version of node.js and npm installed.
24 error If you do, this is most likely a problem with the tempreactapp package,
24 error not with npm itself.
24 error Tell the author that this fails on your system:
24 error     react-scripts start
24 error You can get information on how to open an issue for this project with:
24 error     npm bugs tempreactapp
24 error Or if that isn't available, you can get their info via:
24 error     npm owner ls tempreactapp
24 error There is likely additional logging output above.
25 verbose exit [ 1, true ]
